<?xml version="1.0" encoding="UTF-8"?>
<!-- Generated by org.testng.reporters.JUnitReportReporter -->
<testsuite hostname="RameshMohan" failures="0" tests="1" name="Project_Amazon.com.Amazon.Runner" time="0.016" errors="0" timestamp="2023-02-20T21:37:54 IST" skipped="0">
  <testcase classname="Project_Amazon.com.Amazon.Runner" name="browserLaunch" time="0.016"/>
  <system-out/>
</testsuite> <!-- Project_Amazon.com.Amazon.Runner -->
